
2022-10-07 21:40:50,517 ERROR Images was NOT gotten.
2022-10-07 21:40:50,896 INFO Folder "photo_backup" exist.
2022-10-07 21:40:50,896 ERROR Images was NOT uploaded to yandex.disk.
2022-10-07 21:41:05,637 INFO Images was gotten.
2022-10-07 21:41:05,923 INFO Folder "photo_backup" exist.
2022-10-07 21:41:09,237 INFO Images was uploaded to yandex.disk.
2022-10-07 21:41:41,073 ERROR Images was NOT gotten.
2022-10-07 21:47:45,195 ERROR Images was NOT gotten.
2022-10-07 21:47:59,785 INFO Images was gotten.
2022-10-07 21:48:00,155 INFO Folder "photo_backup" exist.
2022-10-07 21:48:06,554 INFO Images was uploaded to yandex.disk.
2022-10-07 21:49:32,982 INFO Images was gotten.
2022-10-07 21:49:33,368 INFO Folder "photo_backup" exist.
2022-10-07 21:49:39,618 INFO Images was uploaded to yandex.disk.
2022-10-07 21:49:48,565 INFO Images was gotten.
2022-10-07 21:49:48,935 INFO Folder "photo_backup" exist.
2022-10-07 21:49:54,883 INFO Images was uploaded to yandex.disk.
2022-10-07 21:50:04,315 INFO Images was gotten.
2022-10-07 21:50:04,600 INFO Folder "photo_backup" exist.
2022-10-07 21:50:11,265 INFO Images was uploaded to yandex.disk.
2022-10-07 21:52:16,769 INFO Backup starting.
2022-10-07 21:52:16,860 INFO Images was gotten.
2022-10-07 21:52:17,145 INFO Folder "photo_backup" exist.
2022-10-07 21:52:19,497 INFO Images was uploaded to yandex.disk.
2022-10-07 21:52:54,638 INFO Backup starting.
2022-10-07 21:52:54,730 INFO Images was gotten.
2022-10-07 21:52:55,139 INFO Folder "photo_backup" created.
2022-10-07 21:52:57,111 INFO Images was uploaded to yandex.disk.
2022-10-07 22:01:20,029 INFO Backup starting.
2022-10-07 22:01:20,144 INFO Images was gotten.
2022-10-07 22:01:20,568 INFO Folder "photo_backup" exist.
2022-10-07 22:01:23,146 INFO Images was uploaded to yandex.disk.
2022-10-07 22:09:29,306 INFO Backup starting.
2022-10-07 22:09:29,892 INFO Images was gotten.
2022-10-07 22:09:30,842 INFO Folder "photo_backup" exist.
2022-10-07 22:09:32,431 INFO Images was uploaded to yandex.disk.
2022-10-07 22:10:02,001 INFO Backup starting.
2022-10-07 22:10:02,095 INFO Images was gotten.
2022-10-07 22:10:02,503 INFO Folder "photo_backup" exist.
2022-10-07 22:10:06,872 INFO Images was uploaded to yandex.disk.
2022-10-07 22:13:11,462 INFO Backup starting.
2022-10-07 22:13:11,547 INFO Images was gotten.
2022-10-07 22:13:11,916 INFO Folder "photo_backup" exist.
2022-10-07 22:13:13,221 INFO Images was uploaded to yandex.disk.
2022-10-08 12:13:24,023 INFO Backup starting.
2022-10-08 12:13:24,170 INFO Images was gotten.
2022-10-08 12:13:24,508 INFO Folder "photo_backup" created.
2022-10-08 12:13:26,206 INFO Images was uploaded to yandex.disk.
2022-10-08 12:17:46,347 INFO Backup starting.
2022-10-08 12:17:46,495 INFO Images was gotten.
2022-10-08 12:17:46,837 INFO Folder "photo_backup" exist.
2022-10-08 12:17:50,174 INFO Images was uploaded to yandex.disk.
2022-10-08 13:07:35,807 INFO Backup starting.
2022-10-08 13:07:35,923 INFO Images was gotten.
2022-10-08 13:07:36,413 INFO Folder "nrtologu" created.
2022-10-08 13:07:37,040 INFO Images was uploaded to yandex.disk.
2022-10-08 13:16:41,697 INFO Backup starting.
2022-10-08 13:16:41,813 INFO Images was gotten.
2022-10-08 13:16:42,251 INFO Folder "netology_backup" created.
2022-10-08 13:16:44,114 INFO Images was uploaded to yandex.disk.
